<?xml version="1.0" encoding="UTF-8"?>
<!-- Generated by org.testng.reporters.JUnitXMLReporter -->
<testsuite hostname="Windows7-PC" tests="1" failures="1" timestamp="23 Apr 2015 18:14:38 GMT" time="0.163" errors="0">
  <testcase name="TS01TC01checkVoiceOwnerGet" time="0.129" classname="TS_VoiceOwner">
    <failure type="java.lang.NoClassDefFoundError" message="org/json/JSONObject">
      <![CDATA[java.lang.NoClassDefFoundError: org/json/JSONObject
	at BaseTest.login(BaseTest.java:100)
	at TS_VoiceOwner.TS01TC01checkVoiceOwnerGet(TS_VoiceOwner.java:45)
Caused by: java.lang.ClassNotFoundException: org.json.JSONObject
	at java.net.URLClassLoader$1.run(Unknown Source)
	at java.net.URLClassLoader$1.run(Unknown Source)
	at java.security.AccessController.doPrivileged(Native Method)
	at java.net.URLClassLoader.findClass(Unknown Source)
	at java.lang.ClassLoader.loadClass(Unknown Source)
	at sun.misc.Launcher$AppClassLoader.loadClass(Unknown Source)
	at java.lang.ClassLoader.loadClass(Unknown Source)
	... 25 more
... Removed 23 stack frames]]>
    </failure>
  </testcase> <!-- TS01TC01checkVoiceOwnerGet -->
</testsuite>
