<?xml version="1.0" encoding="UTF-8"?>
<!-- Generated by org.testng.reporters.JUnitXMLReporter -->
<testsuite hostname="Windows7-PC" tests="1" failures="1" timestamp="24 Apr 2015 16:53:12 GMT" time="0.49" errors="0">
  <testcase name="TS01TC01checkVoiceOwnerGet" time="0.456" classname="TS_VoiceOwner">
    <failure type="java.lang.AssertionError" message="Assertion raised: java.io.IOException: stream is closed">
      <![CDATA[java.lang.AssertionError: Assertion raised: java.io.IOException: stream is closed
	at TS_VoiceOwner.TS01TC01checkVoiceOwnerGet(TS_VoiceOwner.java:81)
... Removed 25 stack frames]]>
    </failure>
  </testcase> <!-- TS01TC01checkVoiceOwnerGet -->
</testsuite>
