<?xml version="1.0" encoding="UTF-8"?>
<testng-results skipped="0" failed="1" total="1" passed="0">
  <reporter-output>
  </reporter-output>
  <suite name="VBVCQA_M1" duration-ms="163" started-at="2015-04-23T18:14:38Z" finished-at="2015-04-23T18:14:38Z">
    <groups>
    </groups>
    <test name="VoiceOwner" duration-ms="163" started-at="2015-04-23T18:14:38Z" finished-at="2015-04-23T18:14:38Z">
      <class name="TS_VoiceOwner">
        <test-method status="PASS" signature="setupCookieManager()[pri:0, instance:TS_VoiceOwner@4cee07]" name="setupCookieManager" is-config="true" duration-ms="23" started-at="2015-04-23T11:14:38Z" finished-at="2015-04-23T11:14:38Z">
          <reporter-output>
          </reporter-output>
        </test-method> <!-- setupCookieManager -->
        <test-method status="FAIL" signature="TS01TC01checkVoiceOwnerGet()[pri:0, instance:TS_VoiceOwner@4cee07]" name="TS01TC01checkVoiceOwnerGet" duration-ms="129" started-at="2015-04-23T11:14:38Z" finished-at="2015-04-23T11:14:38Z">
          <exception class="java.lang.NoClassDefFoundError">
            <message>
              <![CDATA[org/json/JSONObject]]>
            </message>
            <full-stacktrace>
              <![CDATA[java.lang.NoClassDefFoundError: org/json/JSONObject
	at BaseTest.login(BaseTest.java:100)
	at TS_VoiceOwner.TS01TC01checkVoiceOwnerGet(TS_VoiceOwner.java:45)
	at sun.reflect.NativeMethodAccessorImpl.invoke0(Native Method)
	at sun.reflect.NativeMethodAccessorImpl.invoke(Unknown Source)
	at sun.reflect.DelegatingMethodAccessorImpl.invoke(Unknown Source)
	at java.lang.reflect.Method.invoke(Unknown Source)
	at org.testng.internal.MethodInvocationHelper.invokeMethod(MethodInvocationHelper.java:84)
	at org.testng.internal.Invoker.invokeMethod(Invoker.java:714)
	at org.testng.internal.Invoker.invokeTestMethod(Invoker.java:901)
	at org.testng.internal.Invoker.invokeTestMethods(Invoker.java:1231)
	at org.testng.internal.TestMethodWorker.invokeTestMethods(TestMethodWorker.java:127)
	at org.testng.internal.TestMethodWorker.run(TestMethodWorker.java:111)
	at org.testng.TestRunner.privateRun(TestRunner.java:767)
	at org.testng.TestRunner.run(TestRunner.java:617)
	at org.testng.SuiteRunner.runTest(SuiteRunner.java:334)
	at org.testng.SuiteRunner.runSequentially(SuiteRunner.java:329)
	at org.testng.SuiteRunner.privateRun(SuiteRunner.java:291)
	at org.testng.SuiteRunner.run(SuiteRunner.java:240)
	at org.testng.SuiteRunnerWorker.runSuite(SuiteRunnerWorker.java:52)
	at org.testng.SuiteRunnerWorker.run(SuiteRunnerWorker.java:86)
	at org.testng.TestNG.runSuitesSequentially(TestNG.java:1224)
	at org.testng.TestNG.runSuitesLocally(TestNG.java:1149)
	at org.testng.TestNG.run(TestNG.java:1057)
	at org.testng.TestNG.privateMain(TestNG.java:1364)
	at org.testng.TestNG.main(TestNG.java:1333)
Caused by: java.lang.ClassNotFoundException: org.json.JSONObject
	at java.net.URLClassLoader$1.run(Unknown Source)
	at java.net.URLClassLoader$1.run(Unknown Source)
	at java.security.AccessController.doPrivileged(Native Method)
	at java.net.URLClassLoader.findClass(Unknown Source)
	at java.lang.ClassLoader.loadClass(Unknown Source)
	at sun.misc.Launcher$AppClassLoader.loadClass(Unknown Source)
	at java.lang.ClassLoader.loadClass(Unknown Source)
	... 25 more
]]>
            </full-stacktrace>
          </exception> <!-- java.lang.NoClassDefFoundError -->
          <reporter-output>
          </reporter-output>
        </test-method> <!-- TS01TC01checkVoiceOwnerGet -->
      </class> <!-- TS_VoiceOwner -->
    </test> <!-- VoiceOwner -->
  </suite> <!-- VBVCQA_M1 -->
</testng-results>
